<?xml version="1.0" encoding="UTF-8"?>
<!-- Generated by org.testng.reporters.JUnitReportReporter -->
<testsuite hostname="DESKTOP-0EJ1KML" failures="0" tests="1" name="testClass.TC_001_AccountRegistrationTest" time="5.161" errors="0" timestamp="2024-02-07T13:51:53 IST" skipped="0">
  <testcase classname="testClass.TC_001_AccountRegistrationTest" name="accountRegister" time="5.161"/>
</testsuite> <!-- testClass.TC_001_AccountRegistrationTest -->
