<?xml version="1.0" encoding="UTF-8"?>
<!-- Generated by org.testng.reporters.JUnitReportReporter -->
<testsuite hostname="DESKTOP-0EJ1KML" failures="0" tests="5" name="testClass.TC_003_Login_Data_Driven_Test" time="36.177" errors="0" timestamp="2024-02-01T17:21:16 IST" skipped="0">
  <testcase classname="testClass.TC_003_Login_Data_Driven_Test" name="loginTest" time="10.936"/>
  <testcase classname="testClass.TC_003_Login_Data_Driven_Test" name="loginTest" time="10.990"/>
  <testcase classname="testClass.TC_003_Login_Data_Driven_Test" name="loginTest" time="1.769"/>
  <testcase classname="testClass.TC_003_Login_Data_Driven_Test" name="loginTest" time="11.063"/>
  <testcase classname="testClass.TC_003_Login_Data_Driven_Test" name="loginTest" time="1.419"/>
</testsuite> <!-- testClass.TC_003_Login_Data_Driven_Test -->
