<?xml version="1.0" encoding="UTF-8"?>
<!-- Generated by org.testng.reporters.JUnitReportReporter -->
<testsuite hostname="DESKTOP-0EJ1KML" failures="0" tests="1" name="testClass.TC_002_Login_Page_Test" time="1.984" errors="0" timestamp="2024-02-08T14:15:31 IST" skipped="0">
  <testcase classname="testClass.TC_002_Login_Page_Test" name="loginTest" time="1.984"/>
</testsuite> <!-- testClass.TC_002_Login_Page_Test -->
