<?xml version="1.0" encoding="UTF-8"?>
<!-- Generated by org.testng.reporters.JUnitReportReporter -->
<testsuite hostname="DESKTOP-0EJ1KML" failures="0" tests="1" name="testClass.TC_001_AccountRegistrationTest" time="4.714" errors="0" timestamp="2024-02-08T14:15:31 IST" skipped="0">
  <testcase classname="testClass.TC_001_AccountRegistrationTest" name="accountRegister" time="4.714"/>
</testsuite> <!-- testClass.TC_001_AccountRegistrationTest -->
